{"/Users/fleotti/workspace/github.com/lonefreak/nodejs-testing-mocha-chai/lib/search.js":{"path":"/Users/fleotti/workspace/github.com/lonefreak/nodejs-testing-mocha-chai/lib/search.js","s":{"1":1,"2":1,"3":4,"4":4,"5":4,"6":4,"7":0,"8":4,"9":4,"10":14,"11":14,"12":4,"13":10,"14":10,"15":10,"16":4,"17":2,"18":2,"19":2,"20":2,"21":2,"22":6,"23":6,"24":1,"25":2,"26":2,"27":6,"28":3,"29":2,"30":1,"31":1},"b":{"1":[0,4],"2":[4,10],"3":[4,6],"4":[10,10],"5":[2,2],"6":[0,2],"7":[3,3]},"f":{"1":4,"2":4,"3":14,"4":10,"5":2,"6":2,"7":6},"fnMap":{"1":{"name":"scan","line":3,"loc":{"start":{"line":3,"column":0},"end":{"line":3,"column":32}}},"2":{"name":"(anonymous_2)","line":6,"loc":{"start":{"line":6,"column":19},"end":{"line":6,"column":39}}},"3":{"name":"next","line":9,"loc":{"start":{"line":9,"column":8},"end":{"line":9,"column":24}}},"4":{"name":"(anonymous_4)","line":13,"loc":{"start":{"line":13,"column":25},"end":{"line":13,"column":45}}},"5":{"name":"(anonymous_5)","line":17,"loc":{"start":{"line":17,"column":50},"end":{"line":17,"column":69}}},"6":{"name":"match","line":33,"loc":{"start":{"line":33,"column":0},"end":{"line":33,"column":28}}},"7":{"name":"(anonymous_7)","line":35,"loc":{"start":{"line":35,"column":20},"end":{"line":35,"column":35}}}},"statementMap":{"1":{"start":{"line":1,"column":0},"end":{"line":1,"column":23}},"2":{"start":{"line":3,"column":0},"end":{"line":31,"column":1}},"3":{"start":{"line":4,"column":0},"end":{"line":4,"column":8}},"4":{"start":{"line":5,"column":3},"end":{"line":5,"column":20}},"5":{"start":{"line":6,"column":3},"end":{"line":30,"column":6}},"6":{"start":{"line":7,"column":7},"end":{"line":7,"column":33}},"7":{"start":{"line":7,"column":16},"end":{"line":7,"column":33}},"8":{"start":{"line":8,"column":7},"end":{"line":8,"column":17}},"9":{"start":{"line":9,"column":7},"end":{"line":29,"column":12}},"10":{"start":{"line":10,"column":11},"end":{"line":10,"column":32}},"11":{"start":{"line":11,"column":11},"end":{"line":11,"column":49}},"12":{"start":{"line":11,"column":22},"end":{"line":11,"column":49}},"13":{"start":{"line":12,"column":11},"end":{"line":12,"column":35}},"14":{"start":{"line":13,"column":11},"end":{"line":28,"column":14}},"15":{"start":{"line":14,"column":15},"end":{"line":27,"column":16}},"16":{"start":{"line":15,"column":19},"end":{"line":23,"column":20}},"17":{"start":{"line":16,"column":23},"end":{"line":16,"column":62}},"18":{"start":{"line":17,"column":23},"end":{"line":20,"column":26}},"19":{"start":{"line":18,"column":27},"end":{"line":18,"column":57}},"20":{"start":{"line":19,"column":27},"end":{"line":19,"column":34}},"21":{"start":{"line":22,"column":23},"end":{"line":22,"column":30}},"22":{"start":{"line":25,"column":19},"end":{"line":25,"column":38}},"23":{"start":{"line":26,"column":19},"end":{"line":26,"column":26}},"24":{"start":{"line":33,"column":0},"end":{"line":41,"column":1}},"25":{"start":{"line":34,"column":4},"end":{"line":34,"column":21}},"26":{"start":{"line":35,"column":6},"end":{"line":39,"column":9}},"27":{"start":{"line":36,"column":10},"end":{"line":38,"column":11}},"28":{"start":{"line":37,"column":14},"end":{"line":37,"column":33}},"29":{"start":{"line":40,"column":6},"end":{"line":40,"column":21}},"30":{"start":{"line":43,"column":0},"end":{"line":43,"column":20}},"31":{"start":{"line":44,"column":0},"end":{"line":44,"column":22}}},"branchMap":{"1":{"line":7,"type":"if","locations":[{"start":{"line":7,"column":7},"end":{"line":7,"column":7}},{"start":{"line":7,"column":7},"end":{"line":7,"column":7}}]},"2":{"line":11,"type":"if","locations":[{"start":{"line":11,"column":11},"end":{"line":11,"column":11}},{"start":{"line":11,"column":11},"end":{"line":11,"column":11}}]},"3":{"line":14,"type":"if","locations":[{"start":{"line":14,"column":15},"end":{"line":14,"column":15}},{"start":{"line":14,"column":15},"end":{"line":14,"column":15}}]},"4":{"line":14,"type":"binary-expr","locations":[{"start":{"line":14,"column":19},"end":{"line":14,"column":23}},{"start":{"line":14,"column":27},"end":{"line":14,"column":45}}]},"5":{"line":15,"type":"if","locations":[{"start":{"line":15,"column":19},"end":{"line":15,"column":19}},{"start":{"line":15,"column":19},"end":{"line":15,"column":19}}]},"6":{"line":16,"type":"cond-expr","locations":[{"start":{"line":16,"column":50},"end":{"line":16,"column":57}},{"start":{"line":16,"column":60},"end":{"line":16,"column":61}}]},"7":{"line":36,"type":"if","locations":[{"start":{"line":36,"column":10},"end":{"line":36,"column":10}},{"start":{"line":36,"column":10},"end":{"line":36,"column":10}}]}}},"/Users/fleotti/workspace/github.com/lonefreak/nodejs-testing-mocha-chai/lib/tags.js":{"path":"/Users/fleotti/workspace/github.com/lonefreak/nodejs-testing-mocha-chai/lib/tags.js","s":{"1":1,"2":4,"3":4,"4":7,"5":2,"6":2,"7":2,"8":2,"9":2,"10":7,"11":2,"12":2,"13":2,"14":3,"15":3,"16":4,"17":12,"18":8,"19":8,"20":4,"21":4,"22":4,"23":4,"24":2,"25":4,"26":4,"27":4,"28":1},"b":{"1":[2,5],"2":[2,0],"3":[2,5],"4":[3,0],"5":[8,4],"6":[4,4],"7":[2,2]},"f":{"1":4,"2":7,"3":3,"4":12},"fnMap":{"1":{"name":"parse","line":1,"loc":{"start":{"line":1,"column":-15},"end":{"line":1,"column":27}}},"2":{"name":"(anonymous_2)","line":8,"loc":{"start":{"line":8,"column":18},"end":{"line":8,"column":33}}},"3":{"name":"(anonymous_3)","line":22,"loc":{"start":{"line":22,"column":26},"end":{"line":22,"column":41}}},"4":{"name":"(anonymous_4)","line":29,"loc":{"start":{"line":29,"column":18},"end":{"line":29,"column":33}}}},"statementMap":{"1":{"start":{"line":1,"column":-15},"end":{"line":48,"column":1}},"2":{"start":{"line":2,"column":4},"end":{"line":8,"column":4}},"3":{"start":{"line":8,"column":4},"end":{"line":28,"column":7}},"4":{"start":{"line":10,"column":8},"end":{"line":17,"column":9}},"5":{"start":{"line":11,"column":12},"end":{"line":11,"column":41}},"6":{"start":{"line":12,"column":12},"end":{"line":16,"column":13}},"7":{"start":{"line":13,"column":16},"end":{"line":13,"column":37}},"8":{"start":{"line":14,"column":16},"end":{"line":14,"column":52}},"9":{"start":{"line":15,"column":16},"end":{"line":15,"column":31}},"10":{"start":{"line":19,"column":8},"end":{"line":27,"column":9}},"11":{"start":{"line":20,"column":12},"end":{"line":20,"column":38}},"12":{"start":{"line":21,"column":12},"end":{"line":21,"column":36}},"13":{"start":{"line":22,"column":12},"end":{"line":26,"column":15}},"14":{"start":{"line":23,"column":16},"end":{"line":25,"column":17}},"15":{"start":{"line":24,"column":20},"end":{"line":24,"column":48}},"16":{"start":{"line":29,"column":4},"end":{"line":46,"column":7}},"17":{"start":{"line":31,"column":8},"end":{"line":45,"column":9}},"18":{"start":{"line":32,"column":12},"end":{"line":32,"column":32}},"19":{"start":{"line":33,"column":12},"end":{"line":44,"column":13}},"20":{"start":{"line":34,"column":16},"end":{"line":35,"column":16}},"21":{"start":{"line":35,"column":16},"end":{"line":35,"column":38}},"22":{"start":{"line":36,"column":16},"end":{"line":36,"column":40}},"23":{"start":{"line":38,"column":16},"end":{"line":40,"column":17}},"24":{"start":{"line":39,"column":20},"end":{"line":39,"column":48}},"25":{"start":{"line":41,"column":16},"end":{"line":41,"column":34}},"26":{"start":{"line":43,"column":16},"end":{"line":43,"column":33}},"27":{"start":{"line":47,"column":4},"end":{"line":47,"column":16}},"28":{"start":{"line":50,"column":0},"end":{"line":50,"column":22}}},"branchMap":{"1":{"line":10,"type":"if","locations":[{"start":{"line":10,"column":8},"end":{"line":10,"column":8}},{"start":{"line":10,"column":8},"end":{"line":10,"column":8}}]},"2":{"line":12,"type":"if","locations":[{"start":{"line":12,"column":12},"end":{"line":12,"column":12}},{"start":{"line":12,"column":12},"end":{"line":12,"column":12}}]},"3":{"line":19,"type":"if","locations":[{"start":{"line":19,"column":8},"end":{"line":19,"column":8}},{"start":{"line":19,"column":8},"end":{"line":19,"column":8}}]},"4":{"line":23,"type":"if","locations":[{"start":{"line":23,"column":16},"end":{"line":23,"column":16}},{"start":{"line":23,"column":16},"end":{"line":23,"column":16}}]},"5":{"line":31,"type":"if","locations":[{"start":{"line":31,"column":8},"end":{"line":31,"column":8}},{"start":{"line":31,"column":8},"end":{"line":31,"column":8}}]},"6":{"line":33,"type":"if","locations":[{"start":{"line":33,"column":12},"end":{"line":33,"column":12}},{"start":{"line":33,"column":12},"end":{"line":33,"column":12}}]},"7":{"line":38,"type":"if","locations":[{"start":{"line":38,"column":16},"end":{"line":38,"column":16}},{"start":{"line":38,"column":16},"end":{"line":38,"column":16}}]}}}}