TN:
SF:/Users/fleotti/workspace/github.com/lonefreak/nodejs-testing-mocha-chai/lib/search.js
FN:3,scan
FN:6,(anonymous_2)
FN:9,next
FN:13,(anonymous_4)
FN:17,(anonymous_5)
FN:33,match
FN:35,(anonymous_7)
FNF:7
FNH:7
FNDA:4,scan
FNDA:4,(anonymous_2)
FNDA:14,next
FNDA:10,(anonymous_4)
FNDA:2,(anonymous_5)
FNDA:2,match
FNDA:6,(anonymous_7)
DA:1,1
DA:3,1
DA:4,4
DA:5,4
DA:6,4
DA:7,4
DA:8,4
DA:9,4
DA:10,14
DA:11,14
DA:12,10
DA:13,10
DA:14,10
DA:15,4
DA:16,2
DA:17,2
DA:18,2
DA:19,2
DA:22,2
DA:25,6
DA:26,6
DA:33,1
DA:34,2
DA:35,2
DA:36,6
DA:37,3
DA:40,2
DA:43,1
DA:44,1
LF:29
LH:29
BRDA:7,1,0,0
BRDA:7,1,1,4
BRDA:11,2,0,4
BRDA:11,2,1,10
BRDA:14,3,0,4
BRDA:14,3,1,6
BRDA:14,4,0,10
BRDA:14,4,1,10
BRDA:15,5,0,2
BRDA:15,5,1,2
BRDA:16,6,0,0
BRDA:16,6,1,2
BRDA:36,7,0,3
BRDA:36,7,1,3
BRF:14
BRH:12
end_of_record
TN:
SF:/Users/fleotti/workspace/github.com/lonefreak/nodejs-testing-mocha-chai/lib/tags.js
FN:1,parse
FN:8,(anonymous_2)
FN:22,(anonymous_3)
FN:29,(anonymous_4)
FNF:4
FNH:4
FNDA:4,parse
FNDA:7,(anonymous_2)
FNDA:3,(anonymous_3)
FNDA:12,(anonymous_4)
DA:1,1
DA:2,4
DA:8,4
DA:10,7
DA:11,2
DA:12,2
DA:13,2
DA:14,2
DA:15,2
DA:19,7
DA:20,2
DA:21,2
DA:22,2
DA:23,3
DA:24,3
DA:29,4
DA:31,12
DA:32,8
DA:33,8
DA:34,4
DA:35,4
DA:36,4
DA:38,4
DA:39,2
DA:41,4
DA:43,4
DA:47,4
DA:50,1
LF:28
LH:28
BRDA:10,1,0,2
BRDA:10,1,1,5
BRDA:12,2,0,2
BRDA:12,2,1,0
BRDA:19,3,0,2
BRDA:19,3,1,5
BRDA:23,4,0,3
BRDA:23,4,1,0
BRDA:31,5,0,8
BRDA:31,5,1,4
BRDA:33,6,0,4
BRDA:33,6,1,4
BRDA:38,7,0,2
BRDA:38,7,1,2
BRF:14
BRH:12
end_of_record
